-------------------------------------------------------------------------------
Test set: com.finca.arriendo.AuthServiceTests
-------------------------------------------------------------------------------
Tests run: 3, Failures: 0, Errors: 2, Skipped: 0, Time elapsed: 0.283 s <<< FAILURE! -- in com.finca.arriendo.AuthServiceTests
com.finca.arriendo.AuthServiceTests.testAutenticarYGenerarToken_Exito -- Time elapsed: 0.009 s <<< ERROR!
java.lang.IllegalArgumentException: El usuario o su correo no puede ser nulo
	at com.finca.arriendo.security.UserTokenService.generateUserToken(UserTokenService.java:34)
	at com.finca.arriendo.AuthServiceTests.testAutenticarYGenerarToken_Exito(AuthServiceTests.java:53)
	at java.base/java.lang.reflect.Method.invoke(Method.java:568)
	at java.base/java.util.ArrayList.forEach(ArrayList.java:1511)
	at java.base/java.util.ArrayList.forEach(ArrayList.java:1511)

com.finca.arriendo.AuthServiceTests.testAutenticarYGenerarToken_FalloPorUsuarioNoExistente -- Time elapsed: 0.015 s <<< ERROR!
org.mockito.exceptions.misusing.InvalidUseOfMatchersException: 

Misplaced or misused argument matcher detected here:

-> at com.finca.arriendo.AuthServiceTests.testAutenticarYGenerarToken_Exito(AuthServiceTests.java:53)

You cannot use argument matchers outside of verification or stubbing.
Examples of correct usage of argument matchers:
    when(mock.get(anyInt())).thenReturn(null);
    doThrow(new RuntimeException()).when(mock).someVoidMethod(any());
    verify(mock).someMethod(contains("foo"))

This message may appear after an NullPointerException if the last matcher is returning an object 
like any() but the stubbed method signature expect a primitive argument, in this case,
use primitive alternatives.
    when(mock.get(any())); // bad use, will raise NPE
    when(mock.get(anyInt())); // correct usage use

Also, this error might show up because you use argument matchers with methods that cannot be mocked.
Following methods *cannot* be stubbed/verified: final/private/equals()/hashCode().
Mocking methods declared on non-public parent classes is not supported.

	at org.mockito.junit.jupiter.MockitoExtension.beforeEach(MockitoExtension.java:160)
	at java.base/java.util.ArrayList.forEach(ArrayList.java:1511)
	at java.base/java.util.ArrayList.forEach(ArrayList.java:1511)
	Suppressed: java.lang.NullPointerException: Cannot invoke "java.util.Set.forEach(java.util.function.Consumer)" because the return value of "org.junit.jupiter.api.extension.ExtensionContext$Store.remove(Object, java.lang.Class)" is null
		at org.mockito.junit.jupiter.MockitoExtension.afterEach(MockitoExtension.java:194)
		... 2 more

