<?xml version="1.0" encoding="UTF-8"?>
<testsuite xmlns:xsi="http://www.w3.org/2001/XMLSchema-instance" xsi:noNamespaceSchemaLocation="https://maven.apache.org/surefire/maven-surefire-plugin/xsd/surefire-test-report-3.0.xsd" version="3.0" name="com.finca.arriendo.AuthControllerTests" time="2.088" tests="2" errors="0" skipped="0" failures="0">
  <properties>
[...]
</properties>
  <testcase name="testLogin_Success" classname="com.finca.arriendo.AuthControllerTests" time="0.319">
    <system-out><![CDATA[2024-11-24T15:38:52.739-05:00  INFO 3444 --- [           main] t.c.s.AnnotationConfigContextLoaderUtils : Could not detect default configuration classes for test class [com.finca.arriendo.AuthControllerTests]: AuthControllerTests does not declare any static, non-private, non-final, nested classes annotated with @Configuration.
2024-11-24T15:38:52.763-05:00  INFO 3444 --- [           main] .b.t.c.SpringBootTestContextBootstrapper : Found @SpringBootConfiguration com.finca.arriendo.ArriendoApplication for test class com.finca.arriendo.AuthControllerTests

  .   ____          _            __ _ _
 /\\ / ___'_ __ _ _(_)_ __  __ _ \ \ \ \
( ( )\___ | '_ | '_| | '_ \/ _` | \ \ \ \
 \\/  ___)| |_)| | | | | || (_| |  ) ) ) )
  '  |____| .__|_| |_|_| |_\__, | / / / /
 =========|_|==============|___/=/_/_/_/

 :: Spring Boot ::                (v3.3.4)

2024-11-24T15:38:52.794-05:00  INFO 3444 --- [           main] com.finca.arriendo.AuthControllerTests   : Starting AuthControllerTests using Java 17.0.11 with PID 3444 (started by Asus in C:\Users\Asus\Downloads\Backend-Versi-n-Final-selenium\Backend-Versi-n-Final-selenium\Backend-Versi-n-Final-selenium)
2024-11-24T15:38:52.794-05:00  INFO 3444 --- [           main] com.finca.arriendo.AuthControllerTests   : The following 1 profile is active: "test"
2024-11-24T15:38:52.955-05:00  INFO 3444 --- [           main] .s.d.r.c.RepositoryConfigurationDelegate : Bootstrapping Spring Data JPA repositories in DEFAULT mode.
2024-11-24T15:38:52.967-05:00  INFO 3444 --- [           main] .s.d.r.c.RepositoryConfigurationDelegate : Finished Spring Data repository scanning in 12 ms. Found 3 JPA repository interfaces.
2024-11-24T15:38:53.354-05:00  INFO 3444 --- [           main] o.hibernate.jpa.internal.util.LogHelper  : HHH000204: Processing PersistenceUnitInfo [name: default]
2024-11-24T15:38:53.363-05:00  INFO 3444 --- [           main] o.h.c.internal.RegionFactoryInitiator    : HHH000026: Second-level cache disabled
2024-11-24T15:38:53.390-05:00  INFO 3444 --- [           main] o.s.o.j.p.SpringPersistenceUnitInfo      : No LoadTimeWeaver setup: ignoring JPA class transformer
2024-11-24T15:38:53.393-05:00  INFO 3444 --- [           main] com.zaxxer.hikari.HikariDataSource       : HikariPool-2 - Starting...
2024-11-24T15:38:53.395-05:00  INFO 3444 --- [           main] com.zaxxer.hikari.pool.HikariPool        : HikariPool-2 - Added connection conn10: url=jdbc:h2:file:./mydatabase user=SA
2024-11-24T15:38:53.395-05:00  INFO 3444 --- [           main] com.zaxxer.hikari.HikariDataSource       : HikariPool-2 - Start completed.
2024-11-24T15:38:53.396-05:00  WARN 3444 --- [           main] org.hibernate.orm.deprecation            : HHH90000025: H2Dialect does not need to be specified explicitly using 'hibernate.dialect' (remove the property setting and it will be selected by default)
2024-11-24T15:38:53.646-05:00  INFO 3444 --- [           main] o.h.e.t.j.p.i.JtaPlatformInitiator       : HHH000489: No JTA platform available (set 'hibernate.transaction.jta.platform' to enable JTA platform integration)
2024-11-24T15:38:53.647-05:00 DEBUG 3444 --- [           main] org.hibernate.SQL                        : drop table if exists finca cascade 
2024-11-24T15:38:53.651-05:00 DEBUG 3444 --- [           main] org.hibernate.SQL                        : drop table if exists finca_dto cascade 
2024-11-24T15:38:53.652-05:00 DEBUG 3444 --- [           main] org.hibernate.SQL                        : drop table if exists solicitud cascade 
2024-11-24T15:38:53.654-05:00 DEBUG 3444 --- [           main] org.hibernate.SQL                        : drop table if exists usuario cascade 
2024-11-24T15:38:53.656-05:00 DEBUG 3444 --- [           main] org.hibernate.SQL                        : create table finca (calificacion integer, capacidad integer, deleted boolean not null, disponible boolean, precio_defecto float(24), dueno_id bigint not null, id bigint generated by default as identity, departamento varchar(255), descripcion varchar(255), municipio varchar(255), nombre varchar(255), ubicacion varchar(255), primary key (id))
2024-11-24T15:38:53.658-05:00 DEBUG 3444 --- [           main] org.hibernate.SQL                        : create table finca_dto (calificacion integer not null, capacidad integer not null, disponible boolean, precio_defecto float(53), id bigint generated by default as identity, departamento varchar(255), descripcion varchar(255), municipio varchar(255), nombre varchar(255), ubicacion varchar(255), primary key (id))
2024-11-24T15:38:53.660-05:00 DEBUG 3444 --- [           main] org.hibernate.SQL                        : create table solicitud (calif_arrendatario integer, calif_finca integer, cant_personas integer not null, deleted boolean not null, precio float(24) not null, arrendador_id bigint not null, arrendatario_id bigint not null, fecha_fin timestamp(6) not null, fecha_inicio timestamp(6) not null, finca_id bigint not null, id bigint generated by default as identity, numero_cuenta varchar(20), banco varchar(50), estado enum ('ACEPTADA','CERRADO','EN_PAGO','EN_TRAMITE','VENCIDA'), primary key (id))
2024-11-24T15:38:53.662-05:00 DEBUG 3444 --- [           main] org.hibernate.SQL                        : create table usuario (calificacion float(24), deleted boolean not null, telefono integer, id bigint generated by default as identity, apellido varchar(50) not null, nombre varchar(50) not null, correo varchar(100) not null unique, contrasena varchar(255) not null, tipo_usuario enum ('ARRENDADOR','ARRENDATARIO') not null, primary key (id))
2024-11-24T15:38:53.664-05:00 DEBUG 3444 --- [           main] org.hibernate.SQL                        : alter table if exists finca add constraint FKp04kyw24d2xokgygbu6lxbxw8 foreign key (dueno_id) references usuario
2024-11-24T15:38:53.666-05:00 DEBUG 3444 --- [           main] org.hibernate.SQL                        : alter table if exists solicitud add constraint FKih1s3fl8io7qiuk4uoo7wo2m5 foreign key (arrendador_id) references usuario
2024-11-24T15:38:53.668-05:00 DEBUG 3444 --- [           main] org.hibernate.SQL                        : alter table if exists solicitud add constraint FKenv1vf30lxukxmr9ccwcx99tw foreign key (arrendatario_id) references usuario
2024-11-24T15:38:53.670-05:00 DEBUG 3444 --- [           main] org.hibernate.SQL                        : alter table if exists solicitud add constraint FKrswcmijegqriimbncocf8q6w9 foreign key (finca_id) references finca
2024-11-24T15:38:53.672-05:00  INFO 3444 --- [           main] j.LocalContainerEntityManagerFactoryBean : Initialized JPA EntityManagerFactory for persistence unit 'default'
2024-11-24T15:38:54.107-05:00  WARN 3444 --- [           main] JpaBaseConfiguration$JpaWebConfiguration : spring.jpa.open-in-view is enabled by default. Therefore, database queries may be performed during view rendering. Explicitly configure spring.jpa.open-in-view to disable this warning
2024-11-24T15:38:54.116-05:00  INFO 3444 --- [           main] r$InitializeUserDetailsManagerConfigurer : Global AuthenticationManager configured with UserDetailsService bean with name customUserDetailsService
2024-11-24T15:38:54.356-05:00  INFO 3444 --- [           main] o.s.b.a.h2.H2ConsoleAutoConfiguration    : H2 console available at '/h2-console'. Database available at 'jdbc:h2:file:./mydatabase'
2024-11-24T15:38:54.411-05:00  INFO 3444 --- [           main] o.s.b.t.m.w.SpringBootMockServletContext : Initializing Spring TestDispatcherServlet ''
2024-11-24T15:38:54.412-05:00  INFO 3444 --- [           main] o.s.t.web.servlet.TestDispatcherServlet  : Initializing Servlet ''
2024-11-24T15:38:54.413-05:00  INFO 3444 --- [           main] o.s.t.web.servlet.TestDispatcherServlet  : Completed initialization in 0 ms
2024-11-24T15:38:54.423-05:00  INFO 3444 --- [           main] com.finca.arriendo.AuthControllerTests   : Started AuthControllerTests in 1.656 seconds (process running for 11.327)
2024-11-24T15:38:54.426-05:00 DEBUG 3444 --- [           main] org.hibernate.SQL                        : insert into usuario (apellido,calificacion,contrasena,correo,deleted,nombre,telefono,tipo_usuario,id) values (?,?,?,?,?,?,?,?,default)
2024-11-24T15:38:54.428-05:00 DEBUG 3444 --- [           main] org.hibernate.SQL                        : insert into usuario (apellido,calificacion,contrasena,correo,deleted,nombre,telefono,tipo_usuario,id) values (?,?,?,?,?,?,?,?,default)
2024-11-24T15:38:54.429-05:00 DEBUG 3444 --- [           main] org.hibernate.SQL                        : insert into usuario (apellido,calificacion,contrasena,correo,deleted,nombre,telefono,tipo_usuario,id) values (?,?,?,?,?,?,?,?,default)
2024-11-24T15:38:54.430-05:00 DEBUG 3444 --- [           main] org.hibernate.SQL                        : insert into usuario (apellido,calificacion,contrasena,correo,deleted,nombre,telefono,tipo_usuario,id) values (?,?,?,?,?,?,?,?,default)
2024-11-24T15:38:54.431-05:00 DEBUG 3444 --- [           main] org.hibernate.SQL                        : insert into usuario (apellido,calificacion,contrasena,correo,deleted,nombre,telefono,tipo_usuario,id) values (?,?,?,?,?,?,?,?,default)
2024-11-24T15:38:54.432-05:00 DEBUG 3444 --- [           main] org.hibernate.SQL                        : insert into usuario (apellido,calificacion,contrasena,correo,deleted,nombre,telefono,tipo_usuario,id) values (?,?,?,?,?,?,?,?,default)
2024-11-24T15:38:54.433-05:00 DEBUG 3444 --- [           main] org.hibernate.SQL                        : insert into usuario (apellido,calificacion,contrasena,correo,deleted,nombre,telefono,tipo_usuario,id) values (?,?,?,?,?,?,?,?,default)
2024-11-24T15:38:54.433-05:00 DEBUG 3444 --- [           main] org.hibernate.SQL                        : insert into usuario (apellido,calificacion,contrasena,correo,deleted,nombre,telefono,tipo_usuario,id) values (?,?,?,?,?,?,?,?,default)
2024-11-24T15:38:54.434-05:00 DEBUG 3444 --- [           main] org.hibernate.SQL                        : insert into usuario (apellido,calificacion,contrasena,correo,deleted,nombre,telefono,tipo_usuario,id) values (?,?,?,?,?,?,?,?,default)
2024-11-24T15:38:54.435-05:00 DEBUG 3444 --- [           main] org.hibernate.SQL                        : insert into usuario (apellido,calificacion,contrasena,correo,deleted,nombre,telefono,tipo_usuario,id) values (?,?,?,?,?,?,?,?,default)
2024-11-24T15:38:54.435-05:00 DEBUG 3444 --- [           main] org.hibernate.SQL                        : insert into usuario (apellido,calificacion,contrasena,correo,deleted,nombre,telefono,tipo_usuario,id) values (?,?,?,?,?,?,?,?,default)
2024-11-24T15:38:54.436-05:00 DEBUG 3444 --- [           main] org.hibernate.SQL                        : insert into usuario (apellido,calificacion,contrasena,correo,deleted,nombre,telefono,tipo_usuario,id) values (?,?,?,?,?,?,?,?,default)
2024-11-24T15:38:54.437-05:00 DEBUG 3444 --- [           main] org.hibernate.SQL                        : insert into usuario (apellido,calificacion,contrasena,correo,deleted,nombre,telefono,tipo_usuario,id) values (?,?,?,?,?,?,?,?,default)
2024-11-24T15:38:54.438-05:00 DEBUG 3444 --- [           main] org.hibernate.SQL                        : insert into usuario (apellido,calificacion,contrasena,correo,deleted,nombre,telefono,tipo_usuario,id) values (?,?,?,?,?,?,?,?,default)
2024-11-24T15:38:54.439-05:00 DEBUG 3444 --- [           main] org.hibernate.SQL                        : insert into usuario (apellido,calificacion,contrasena,correo,deleted,nombre,telefono,tipo_usuario,id) values (?,?,?,?,?,?,?,?,default)
2024-11-24T15:38:54.442-05:00 DEBUG 3444 --- [           main] org.hibernate.SQL                        : insert into usuario (apellido,calificacion,contrasena,correo,deleted,nombre,telefono,tipo_usuario,id) values (?,?,?,?,?,?,?,?,default)
2024-11-24T15:38:54.442-05:00 DEBUG 3444 --- [           main] org.hibernate.SQL                        : insert into usuario (apellido,calificacion,contrasena,correo,deleted,nombre,telefono,tipo_usuario,id) values (?,?,?,?,?,?,?,?,default)
2024-11-24T15:38:54.443-05:00 DEBUG 3444 --- [           main] org.hibernate.SQL                        : insert into usuario (apellido,calificacion,contrasena,correo,deleted,nombre,telefono,tipo_usuario,id) values (?,?,?,?,?,?,?,?,default)
2024-11-24T15:38:54.444-05:00 DEBUG 3444 --- [           main] org.hibernate.SQL                        : insert into usuario (apellido,calificacion,contrasena,correo,deleted,nombre,telefono,tipo_usuario,id) values (?,?,?,?,?,?,?,?,default)
2024-11-24T15:38:54.444-05:00 DEBUG 3444 --- [           main] org.hibernate.SQL                        : insert into usuario (apellido,calificacion,contrasena,correo,deleted,nombre,telefono,tipo_usuario,id) values (?,?,?,?,?,?,?,?,default)
2024-11-24T15:38:54.448-05:00 DEBUG 3444 --- [           main] org.hibernate.SQL                        : insert into finca (calificacion,capacidad,deleted,departamento,descripcion,disponible,dueno_id,municipio,nombre,precio_defecto,ubicacion,id) values (?,?,?,?,?,?,?,?,?,?,?,default)
2024-11-24T15:38:54.449-05:00 DEBUG 3444 --- [           main] org.hibernate.SQL                        : insert into finca (calificacion,capacidad,deleted,departamento,descripcion,disponible,dueno_id,municipio,nombre,precio_defecto,ubicacion,id) values (?,?,?,?,?,?,?,?,?,?,?,default)
2024-11-24T15:38:54.450-05:00 DEBUG 3444 --- [           main] org.hibernate.SQL                        : insert into finca (calificacion,capacidad,deleted,departamento,descripcion,disponible,dueno_id,municipio,nombre,precio_defecto,ubicacion,id) values (?,?,?,?,?,?,?,?,?,?,?,default)
2024-11-24T15:38:54.451-05:00 DEBUG 3444 --- [           main] org.hibernate.SQL                        : insert into finca (calificacion,capacidad,deleted,departamento,descripcion,disponible,dueno_id,municipio,nombre,precio_defecto,ubicacion,id) values (?,?,?,?,?,?,?,?,?,?,?,default)
2024-11-24T15:38:54.452-05:00 DEBUG 3444 --- [           main] org.hibernate.SQL                        : insert into finca (calificacion,capacidad,deleted,departamento,descripcion,disponible,dueno_id,municipio,nombre,precio_defecto,ubicacion,id) values (?,?,?,?,?,?,?,?,?,?,?,default)
2024-11-24T15:38:54.452-05:00 DEBUG 3444 --- [           main] org.hibernate.SQL                        : insert into finca (calificacion,capacidad,deleted,departamento,descripcion,disponible,dueno_id,municipio,nombre,precio_defecto,ubicacion,id) values (?,?,?,?,?,?,?,?,?,?,?,default)
2024-11-24T15:38:54.453-05:00 DEBUG 3444 --- [           main] org.hibernate.SQL                        : insert into finca (calificacion,capacidad,deleted,departamento,descripcion,disponible,dueno_id,municipio,nombre,precio_defecto,ubicacion,id) values (?,?,?,?,?,?,?,?,?,?,?,default)
2024-11-24T15:38:54.453-05:00 DEBUG 3444 --- [           main] org.hibernate.SQL                        : insert into finca (calificacion,capacidad,deleted,departamento,descripcion,disponible,dueno_id,municipio,nombre,precio_defecto,ubicacion,id) values (?,?,?,?,?,?,?,?,?,?,?,default)
2024-11-24T15:38:54.455-05:00 DEBUG 3444 --- [           main] org.hibernate.SQL                        : insert into finca (calificacion,capacidad,deleted,departamento,descripcion,disponible,dueno_id,municipio,nombre,precio_defecto,ubicacion,id) values (?,?,?,?,?,?,?,?,?,?,?,default)
2024-11-24T15:38:54.455-05:00 DEBUG 3444 --- [           main] org.hibernate.SQL                        : insert into finca (calificacion,capacidad,deleted,departamento,descripcion,disponible,dueno_id,municipio,nombre,precio_defecto,ubicacion,id) values (?,?,?,?,?,?,?,?,?,?,?,default)
2024-11-24T15:38:54.456-05:00 DEBUG 3444 --- [           main] org.hibernate.SQL                        : insert into finca (calificacion,capacidad,deleted,departamento,descripcion,disponible,dueno_id,municipio,nombre,precio_defecto,ubicacion,id) values (?,?,?,?,?,?,?,?,?,?,?,default)
2024-11-24T15:38:54.457-05:00 DEBUG 3444 --- [           main] org.hibernate.SQL                        : insert into finca (calificacion,capacidad,deleted,departamento,descripcion,disponible,dueno_id,municipio,nombre,precio_defecto,ubicacion,id) values (?,?,?,?,?,?,?,?,?,?,?,default)
2024-11-24T15:38:54.458-05:00 DEBUG 3444 --- [           main] org.hibernate.SQL                        : insert into finca (calificacion,capacidad,deleted,departamento,descripcion,disponible,dueno_id,municipio,nombre,precio_defecto,ubicacion,id) values (?,?,?,?,?,?,?,?,?,?,?,default)
2024-11-24T15:38:54.459-05:00 DEBUG 3444 --- [           main] org.hibernate.SQL                        : insert into finca (calificacion,capacidad,deleted,departamento,descripcion,disponible,dueno_id,municipio,nombre,precio_defecto,ubicacion,id) values (?,?,?,?,?,?,?,?,?,?,?,default)
2024-11-24T15:38:54.460-05:00 DEBUG 3444 --- [           main] org.hibernate.SQL                        : insert into finca (calificacion,capacidad,deleted,departamento,descripcion,disponible,dueno_id,municipio,nombre,precio_defecto,ubicacion,id) values (?,?,?,?,?,?,?,?,?,?,?,default)
2024-11-24T15:38:54.461-05:00 DEBUG 3444 --- [           main] org.hibernate.SQL                        : insert into finca (calificacion,capacidad,deleted,departamento,descripcion,disponible,dueno_id,municipio,nombre,precio_defecto,ubicacion,id) values (?,?,?,?,?,?,?,?,?,?,?,default)
2024-11-24T15:38:54.462-05:00 DEBUG 3444 --- [           main] org.hibernate.SQL                        : insert into finca (calificacion,capacidad,deleted,departamento,descripcion,disponible,dueno_id,municipio,nombre,precio_defecto,ubicacion,id) values (?,?,?,?,?,?,?,?,?,?,?,default)
2024-11-24T15:38:54.463-05:00 DEBUG 3444 --- [           main] org.hibernate.SQL                        : insert into finca (calificacion,capacidad,deleted,departamento,descripcion,disponible,dueno_id,municipio,nombre,precio_defecto,ubicacion,id) values (?,?,?,?,?,?,?,?,?,?,?,default)
2024-11-24T15:38:54.465-05:00 DEBUG 3444 --- [           main] org.hibernate.SQL                        : insert into finca (calificacion,capacidad,deleted,departamento,descripcion,disponible,dueno_id,municipio,nombre,precio_defecto,ubicacion,id) values (?,?,?,?,?,?,?,?,?,?,?,default)
2024-11-24T15:38:54.469-05:00 DEBUG 3444 --- [           main] org.hibernate.SQL                        : insert into solicitud (arrendador_id,arrendatario_id,banco,calif_arrendatario,calif_finca,cant_personas,deleted,estado,fecha_fin,fecha_inicio,finca_id,numero_cuenta,precio,id) values (?,?,?,?,?,?,?,?,?,?,?,?,?,default)
2024-11-24T15:38:54.470-05:00 DEBUG 3444 --- [           main] org.hibernate.SQL                        : insert into solicitud (arrendador_id,arrendatario_id,banco,calif_arrendatario,calif_finca,cant_personas,deleted,estado,fecha_fin,fecha_inicio,finca_id,numero_cuenta,precio,id) values (?,?,?,?,?,?,?,?,?,?,?,?,?,default)
2024-11-24T15:38:54.471-05:00 DEBUG 3444 --- [           main] org.hibernate.SQL                        : insert into solicitud (arrendador_id,arrendatario_id,banco,calif_arrendatario,calif_finca,cant_personas,deleted,estado,fecha_fin,fecha_inicio,finca_id,numero_cuenta,precio,id) values (?,?,?,?,?,?,?,?,?,?,?,?,?,default)
2024-11-24T15:38:54.472-05:00 DEBUG 3444 --- [           main] org.hibernate.SQL                        : insert into solicitud (arrendador_id,arrendatario_id,banco,calif_arrendatario,calif_finca,cant_personas,deleted,estado,fecha_fin,fecha_inicio,finca_id,numero_cuenta,precio,id) values (?,?,?,?,?,?,?,?,?,?,?,?,?,default)
2024-11-24T15:38:54.473-05:00 DEBUG 3444 --- [           main] org.hibernate.SQL                        : insert into solicitud (arrendador_id,arrendatario_id,banco,calif_arrendatario,calif_finca,cant_personas,deleted,estado,fecha_fin,fecha_inicio,finca_id,numero_cuenta,precio,id) values (?,?,?,?,?,?,?,?,?,?,?,?,?,default)
2024-11-24T15:38:54.474-05:00 DEBUG 3444 --- [           main] org.hibernate.SQL                        : insert into solicitud (arrendador_id,arrendatario_id,banco,calif_arrendatario,calif_finca,cant_personas,deleted,estado,fecha_fin,fecha_inicio,finca_id,numero_cuenta,precio,id) values (?,?,?,?,?,?,?,?,?,?,?,?,?,default)
2024-11-24T15:38:54.475-05:00 DEBUG 3444 --- [           main] org.hibernate.SQL                        : insert into solicitud (arrendador_id,arrendatario_id,banco,calif_arrendatario,calif_finca,cant_personas,deleted,estado,fecha_fin,fecha_inicio,finca_id,numero_cuenta,precio,id) values (?,?,?,?,?,?,?,?,?,?,?,?,?,default)
2024-11-24T15:38:54.476-05:00 DEBUG 3444 --- [           main] org.hibernate.SQL                        : insert into solicitud (arrendador_id,arrendatario_id,banco,calif_arrendatario,calif_finca,cant_personas,deleted,estado,fecha_fin,fecha_inicio,finca_id,numero_cuenta,precio,id) values (?,?,?,?,?,?,?,?,?,?,?,?,?,default)
2024-11-24T15:38:54.477-05:00 DEBUG 3444 --- [           main] org.hibernate.SQL                        : insert into solicitud (arrendador_id,arrendatario_id,banco,calif_arrendatario,calif_finca,cant_personas,deleted,estado,fecha_fin,fecha_inicio,finca_id,numero_cuenta,precio,id) values (?,?,?,?,?,?,?,?,?,?,?,?,?,default)
2024-11-24T15:38:54.479-05:00 DEBUG 3444 --- [           main] org.hibernate.SQL                        : insert into solicitud (arrendador_id,arrendatario_id,banco,calif_arrendatario,calif_finca,cant_personas,deleted,estado,fecha_fin,fecha_inicio,finca_id,numero_cuenta,precio,id) values (?,?,?,?,?,?,?,?,?,?,?,?,?,default)
2024-11-24T15:38:54.479-05:00 DEBUG 3444 --- [           main] org.hibernate.SQL                        : insert into solicitud (arrendador_id,arrendatario_id,banco,calif_arrendatario,calif_finca,cant_personas,deleted,estado,fecha_fin,fecha_inicio,finca_id,numero_cuenta,precio,id) values (?,?,?,?,?,?,?,?,?,?,?,?,?,default)
2024-11-24T15:38:54.480-05:00 DEBUG 3444 --- [           main] org.hibernate.SQL                        : insert into solicitud (arrendador_id,arrendatario_id,banco,calif_arrendatario,calif_finca,cant_personas,deleted,estado,fecha_fin,fecha_inicio,finca_id,numero_cuenta,precio,id) values (?,?,?,?,?,?,?,?,?,?,?,?,?,default)
2024-11-24T15:38:54.480-05:00 DEBUG 3444 --- [           main] org.hibernate.SQL                        : insert into solicitud (arrendador_id,arrendatario_id,banco,calif_arrendatario,calif_finca,cant_personas,deleted,estado,fecha_fin,fecha_inicio,finca_id,numero_cuenta,precio,id) values (?,?,?,?,?,?,?,?,?,?,?,?,?,default)
2024-11-24T15:38:54.481-05:00 DEBUG 3444 --- [           main] org.hibernate.SQL                        : insert into solicitud (arrendador_id,arrendatario_id,banco,calif_arrendatario,calif_finca,cant_personas,deleted,estado,fecha_fin,fecha_inicio,finca_id,numero_cuenta,precio,id) values (?,?,?,?,?,?,?,?,?,?,?,?,?,default)
2024-11-24T15:38:54.482-05:00 DEBUG 3444 --- [           main] org.hibernate.SQL                        : insert into solicitud (arrendador_id,arrendatario_id,banco,calif_arrendatario,calif_finca,cant_personas,deleted,estado,fecha_fin,fecha_inicio,finca_id,numero_cuenta,precio,id) values (?,?,?,?,?,?,?,?,?,?,?,?,?,default)
2024-11-24T15:38:54.483-05:00 DEBUG 3444 --- [           main] org.hibernate.SQL                        : insert into solicitud (arrendador_id,arrendatario_id,banco,calif_arrendatario,calif_finca,cant_personas,deleted,estado,fecha_fin,fecha_inicio,finca_id,numero_cuenta,precio,id) values (?,?,?,?,?,?,?,?,?,?,?,?,?,default)
2024-11-24T15:38:54.484-05:00 DEBUG 3444 --- [           main] org.hibernate.SQL                        : insert into solicitud (arrendador_id,arrendatario_id,banco,calif_arrendatario,calif_finca,cant_personas,deleted,estado,fecha_fin,fecha_inicio,finca_id,numero_cuenta,precio,id) values (?,?,?,?,?,?,?,?,?,?,?,?,?,default)
2024-11-24T15:38:54.484-05:00 DEBUG 3444 --- [           main] org.hibernate.SQL                        : insert into solicitud (arrendador_id,arrendatario_id,banco,calif_arrendatario,calif_finca,cant_personas,deleted,estado,fecha_fin,fecha_inicio,finca_id,numero_cuenta,precio,id) values (?,?,?,?,?,?,?,?,?,?,?,?,?,default)
2024-11-24T15:38:54.485-05:00 DEBUG 3444 --- [           main] org.hibernate.SQL                        : insert into solicitud (arrendador_id,arrendatario_id,banco,calif_arrendatario,calif_finca,cant_personas,deleted,estado,fecha_fin,fecha_inicio,finca_id,numero_cuenta,precio,id) values (?,?,?,?,?,?,?,?,?,?,?,?,?,default)
2024-11-24T15:38:54.486-05:00 DEBUG 3444 --- [           main] org.hibernate.SQL                        : insert into solicitud (arrendador_id,arrendatario_id,banco,calif_arrendatario,calif_finca,cant_personas,deleted,estado,fecha_fin,fecha_inicio,finca_id,numero_cuenta,precio,id) values (?,?,?,?,?,?,?,?,?,?,?,?,?,default)
Datos de prueba creados.
Encabezado Authorization no presente o no comienza con 'Bearer'.
Intento de inicio de sesión para: UserTest
Token generado correctamente: tokenGenerado
]]></system-out>
  </testcase>
  <testcase name="testLogin_Failure" classname="com.finca.arriendo.AuthControllerTests" time="0.006">
    <system-out><![CDATA[Encabezado Authorization no presente o no comienza con 'Bearer'.
Intento de inicio de sesión para: UserTest
]]></system-out>
    <system-err><![CDATA[Credenciales incorrectas para: UserTest
]]></system-err>
  </testcase>
</testsuite>